<?xml version="1.0" encoding="UTF-8"?>
<testsuite name="Command line test"
           tests="3"
           failures="0"
           errors="0"
           skipped="0"
           time="99.216">
  <properties />
  
  
            <testcase name="correctLoginTest" time="28.971" classname="com.dataart.selenium.tests.LoginTest" />
                <testcase name="incorrectLoginTest" time="35.276" classname="com.dataart.selenium.tests.LoginTest" />
                <testcase name="incorrectThenCorrectTest" time="34.969" classname="com.dataart.selenium.tests.LoginTest" />
      
</testsuite>
