<?xml version="1.0" encoding="UTF-8"?>
<testsuite name="Command line test"
           tests="15"
           failures="3"
           errors="0"
           skipped="12"
           time="0.001">
  <properties />
            <testcase name="beforeSuite" time="0.000" classname="com.dataart.selenium.tests.RegisterTest">
                <failure type="java.lang.IllegalStateException"
                  message="The driver executable does not exist: C:\Users\dvanin\Downloads\Git\dvanin-aut06\java\target\.\target\test-classes\chromedriver.exe"
              >
<![CDATA[java.lang.IllegalStateException: The driver executable does not exist: C:\Users\dvanin\Downloads\Git\dvanin-aut06\java\target\.\target\test-classes\chromedriver.exe
  com.google.common.base.Preconditions.checkState(Preconditions.java:534)
  org.openqa.selenium.remote.service.DriverService.checkExecutable(DriverService.java:136)
  org.openqa.selenium.remote.service.DriverService.findExecutable(DriverService.java:131)
  org.openqa.selenium.chrome.ChromeDriverService.access$000(ChromeDriverService.java:32)
  org.openqa.selenium.chrome.ChromeDriverService$Builder.findDefaultExecutable(ChromeDriverService.java:137)
  org.openqa.selenium.remote.service.DriverService$Builder.build(DriverService.java:329)
  org.openqa.selenium.chrome.ChromeDriverService.createDefaultService(ChromeDriverService.java:88)
  org.openqa.selenium.chrome.ChromeDriver.<init>(ChromeDriver.java:124)
  com.dataart.selenium.framework.Settings.getDriver(Settings.java:101)
  com.dataart.selenium.framework.BaseTest.beforeSuite(BaseTest.java:15)
  sun.reflect.NativeMethodAccessorImpl.invoke0(Native Method)
  sun.reflect.NativeMethodAccessorImpl.invoke(NativeMethodAccessorImpl.java:62)
  sun.reflect.DelegatingMethodAccessorImpl.invoke(DelegatingMethodAccessorImpl.java:43)
  java.lang.reflect.Method.invoke(Method.java:498)
  org.testng.internal.MethodInvocationHelper.invokeMethod(MethodInvocationHelper.java:80)
  org.testng.internal.Invoker.invokeConfigurationMethod(Invoker.java:564)
  org.testng.internal.Invoker.invokeConfigurations(Invoker.java:213)
  org.testng.internal.Invoker.invokeConfigurations(Invoker.java:138)
  org.testng.SuiteRunner.privateRun(SuiteRunner.java:277)
  org.testng.SuiteRunner.run(SuiteRunner.java:240)
  org.testng.SuiteRunnerWorker.runSuite(SuiteRunnerWorker.java:52)
  org.testng.SuiteRunnerWorker.run(SuiteRunnerWorker.java:86)
  org.testng.TestNG.runSuitesSequentially(TestNG.java:1198)
  org.testng.TestNG.runSuitesLocally(TestNG.java:1123)
  org.testng.TestNG.run(TestNG.java:1031)
  org.apache.maven.surefire.testng.TestNGExecutor.run(TestNGExecutor.java:62)
  org.apache.maven.surefire.testng.TestNGDirectoryTestSuite.execute(TestNGDirectoryTestSuite.java:102)
  org.apache.maven.surefire.Surefire.run(Surefire.java:109)
  sun.reflect.NativeMethodAccessorImpl.invoke0(Native Method)
  sun.reflect.NativeMethodAccessorImpl.invoke(NativeMethodAccessorImpl.java:62)
  sun.reflect.DelegatingMethodAccessorImpl.invoke(DelegatingMethodAccessorImpl.java:43)
  java.lang.reflect.Method.invoke(Method.java:498)
  org.apache.maven.surefire.booter.SurefireBooter.runSuitesInProcess(SurefireBooter.java:290)
  org.apache.maven.surefire.booter.SurefireBooter.main(SurefireBooter.java:1017)
]]>
      </failure>

          </testcase>
            <testcase name="afterClass" time="0.000" classname="com.dataart.selenium.tests.RegisterTest">
                <failure type="java.lang.NullPointerException"
                  message="(null)"
              >
<![CDATA[java.lang.NullPointerException
  com.dataart.selenium.framework.BaseTest.afterClass(BaseTest.java:31)
  sun.reflect.NativeMethodAccessorImpl.invoke0(Native Method)
  sun.reflect.NativeMethodAccessorImpl.invoke(NativeMethodAccessorImpl.java:62)
  sun.reflect.DelegatingMethodAccessorImpl.invoke(DelegatingMethodAccessorImpl.java:43)
  java.lang.reflect.Method.invoke(Method.java:498)
  org.testng.internal.MethodInvocationHelper.invokeMethod(MethodInvocationHelper.java:80)
  org.testng.internal.Invoker.invokeConfigurationMethod(Invoker.java:564)
  org.testng.internal.Invoker.invokeConfigurations(Invoker.java:213)
  org.testng.internal.Invoker.invokeConfigurations(Invoker.java:138)
  org.testng.SuiteRunner.privateRun(SuiteRunner.java:308)
  org.testng.SuiteRunner.run(SuiteRunner.java:240)
  org.testng.SuiteRunnerWorker.runSuite(SuiteRunnerWorker.java:52)
  org.testng.SuiteRunnerWorker.run(SuiteRunnerWorker.java:86)
  org.testng.TestNG.runSuitesSequentially(TestNG.java:1198)
  org.testng.TestNG.runSuitesLocally(TestNG.java:1123)
  org.testng.TestNG.run(TestNG.java:1031)
  org.apache.maven.surefire.testng.TestNGExecutor.run(TestNGExecutor.java:62)
  org.apache.maven.surefire.testng.TestNGDirectoryTestSuite.execute(TestNGDirectoryTestSuite.java:102)
  org.apache.maven.surefire.Surefire.run(Surefire.java:109)
  sun.reflect.NativeMethodAccessorImpl.invoke0(Native Method)
  sun.reflect.NativeMethodAccessorImpl.invoke(NativeMethodAccessorImpl.java:62)
  sun.reflect.DelegatingMethodAccessorImpl.invoke(DelegatingMethodAccessorImpl.java:43)
  java.lang.reflect.Method.invoke(Method.java:498)
  org.apache.maven.surefire.booter.SurefireBooter.runSuitesInProcess(SurefireBooter.java:290)
  org.apache.maven.surefire.booter.SurefireBooter.main(SurefireBooter.java:1017)
]]>
      </failure>

          </testcase>
            <testcase name="registrationFiveTimesTest" time="0.000" classname="com.dataart.selenium.tests.RegisterTest">
                <failure type="java.lang.RuntimeException"
                  message="java.io.FileNotFoundException: src\test\resources\Data.csv (The system cannot find the path specified)"
              >
<![CDATA[java.lang.RuntimeException: java.io.FileNotFoundException: src\test\resources\Data.csv (The system cannot find the path specified)
  org.testng.internal.MethodInvocationHelper.invokeDataProvider(MethodInvocationHelper.java:143)
  org.testng.internal.Parameters.handleParameters(Parameters.java:426)
  org.testng.internal.Invoker.handleParameters(Invoker.java:1383)
  org.testng.internal.Invoker.createParameters(Invoker.java:1075)
  org.testng.internal.Invoker.invokeTestMethods(Invoker.java:1180)
  org.testng.internal.TestMethodWorker.invokeTestMethods(TestMethodWorker.java:127)
  org.testng.internal.TestMethodWorker.run(TestMethodWorker.java:111)
  org.testng.TestRunner.privateRun(TestRunner.java:767)
  org.testng.TestRunner.run(TestRunner.java:617)
  org.testng.SuiteRunner.runTest(SuiteRunner.java:334)
  org.testng.SuiteRunner.runSequentially(SuiteRunner.java:329)
  org.testng.SuiteRunner.privateRun(SuiteRunner.java:291)
  org.testng.SuiteRunner.run(SuiteRunner.java:240)
  org.testng.SuiteRunnerWorker.runSuite(SuiteRunnerWorker.java:52)
  org.testng.SuiteRunnerWorker.run(SuiteRunnerWorker.java:86)
  org.testng.TestNG.runSuitesSequentially(TestNG.java:1198)
  org.testng.TestNG.runSuitesLocally(TestNG.java:1123)
  org.testng.TestNG.run(TestNG.java:1031)
  org.apache.maven.surefire.testng.TestNGExecutor.run(TestNGExecutor.java:62)
  org.apache.maven.surefire.testng.TestNGDirectoryTestSuite.execute(TestNGDirectoryTestSuite.java:102)
  org.apache.maven.surefire.Surefire.run(Surefire.java:109)
  sun.reflect.NativeMethodAccessorImpl.invoke0(Native Method)
  sun.reflect.NativeMethodAccessorImpl.invoke(NativeMethodAccessorImpl.java:62)
  sun.reflect.DelegatingMethodAccessorImpl.invoke(DelegatingMethodAccessorImpl.java:43)
  java.lang.reflect.Method.invoke(Method.java:498)
  org.apache.maven.surefire.booter.SurefireBooter.runSuitesInProcess(SurefireBooter.java:290)
  org.apache.maven.surefire.booter.SurefireBooter.main(SurefireBooter.java:1017)
Caused by: java.io.FileNotFoundException: src\test\resources\Data.csv (The system cannot find the path specified)
  java.io.FileInputStream.open0(Native Method)
  java.io.FileInputStream.open(FileInputStream.java:195)
  java.io.FileInputStream.<init>(FileInputStream.java:138)
  java.io.FileReader.<init>(FileReader.java:72)
  com.dataart.selenium.dataproviders.MyDataProvider.CSVdata(MyDataProvider.java:17)
  sun.reflect.NativeMethodAccessorImpl.invoke0(Native Method)
  sun.reflect.NativeMethodAccessorImpl.invoke(NativeMethodAccessorImpl.java:62)
  sun.reflect.DelegatingMethodAccessorImpl.invoke(DelegatingMethodAccessorImpl.java:43)
  java.lang.reflect.Method.invoke(Method.java:498)
  org.testng.internal.MethodInvocationHelper.invokeMethod(MethodInvocationHelper.java:80)
  org.testng.internal.MethodInvocationHelper.invokeDataProvider(MethodInvocationHelper.java:135)
  org.testng.internal.Parameters.handleParameters(Parameters.java:426)
  org.testng.internal.Invoker.handleParameters(Invoker.java:1383)
  org.testng.internal.Invoker.createParameters(Invoker.java:1075)
  org.testng.internal.Invoker.invokeTestMethods(Invoker.java:1180)
  org.testng.internal.TestMethodWorker.invokeTestMethods(TestMethodWorker.java:127)
  org.testng.internal.TestMethodWorker.run(TestMethodWorker.java:111)
  org.testng.TestRunner.privateRun(TestRunner.java:767)
  org.testng.TestRunner.run(TestRunner.java:617)
  org.testng.SuiteRunner.runTest(SuiteRunner.java:334)
  org.testng.SuiteRunner.runSequentially(SuiteRunner.java:329)
  org.testng.SuiteRunner.privateRun(SuiteRunner.java:291)
  org.testng.SuiteRunner.run(SuiteRunner.java:240)
  org.testng.SuiteRunnerWorker.runSuite(SuiteRunnerWorker.java:52)
  org.testng.SuiteRunnerWorker.run(SuiteRunnerWorker.java:86)
  org.testng.TestNG.runSuitesSequentially(TestNG.java:1198)
  org.testng.TestNG.runSuitesLocally(TestNG.java:1123)
  org.testng.TestNG.run(TestNG.java:1031)
  org.apache.maven.surefire.testng.TestNGExecutor.run(TestNGExecutor.java:62)
  org.apache.maven.surefire.testng.TestNGDirectoryTestSuite.execute(TestNGDirectoryTestSuite.java:102)
  org.apache.maven.surefire.Surefire.run(Surefire.java:109)
  sun.reflect.NativeMethodAccessorImpl.invoke0(Native Method)
  sun.reflect.NativeMethodAccessorImpl.invoke(NativeMethodAccessorImpl.java:62)
  sun.reflect.DelegatingMethodAccessorImpl.invoke(DelegatingMethodAccessorImpl.java:43)
  java.lang.reflect.Method.invoke(Method.java:498)
  org.apache.maven.surefire.booter.SurefireBooter.runSuitesInProcess(SurefireBooter.java:290)
  org.apache.maven.surefire.booter.SurefireBooter.main(SurefireBooter.java:1017)
]]>
      </failure>

          </testcase>
  
            <testcase name="tearDown" time="0.0" classname="com.dataart.selenium.tests.RegisterTest">
          <skipped />
    </testcase>
            <testcase name="openLoginPage" time="0.0" classname="com.dataart.selenium.tests.RegisterTest">
          <skipped />
    </testcase>
            <testcase name="openLoginPage" time="0.0" classname="com.dataart.selenium.tests.RegisterTest">
          <skipped />
    </testcase>
            <testcase name="openLoginPage" time="0.0" classname="com.dataart.selenium.tests.RegisterTest">
          <skipped />
    </testcase>
            <testcase name="openLoginPage" time="0.0" classname="com.dataart.selenium.tests.RegisterTest">
          <skipped />
    </testcase>
            <testcase name="tearDown" time="0.0" classname="com.dataart.selenium.tests.RegisterTest">
          <skipped />
    </testcase>
            <testcase name="tearDown" time="0.0" classname="com.dataart.selenium.tests.RegisterTest">
          <skipped />
    </testcase>
            <testcase name="tearDown" time="0.0" classname="com.dataart.selenium.tests.RegisterTest">
          <skipped />
    </testcase>
            <testcase name="devUploadApp" time="0.0" classname="com.dataart.selenium.tests.RegisterTest">
          <skipped />
    </testcase>
            <testcase name="registrationUserTest" time="0.0" classname="com.dataart.selenium.tests.RegisterTest">
          <skipped />
    </testcase>
            <testcase name="loginAfterRegistrationTest" time="0.0" classname="com.dataart.selenium.tests.RegisterTest">
          <skipped />
    </testcase>
            <testcase name="userCantUploadApp" time="0.0" classname="com.dataart.selenium.tests.RegisterTest">
          <skipped />
    </testcase>
  
  
</testsuite>
