<?xml version="1.0" encoding="UTF-8"?>
<testsuite name="Command line test"
           tests="6"
           failures="0"
           errors="0"
           skipped="0"
           time="42.201">
  <properties />
  
  
            <testcase name="downloadApp" time="6.867" classname="com.dataart.selenium.tests.AppTest" />
                <testcase name="newAppImage" time="6.221" classname="com.dataart.selenium.tests.AppTest" />
                <testcase name="compareParam" time="15.416" classname="com.dataart.selenium.tests.AppTest" />
                <testcase name="changeApp" time="4.527" classname="com.dataart.selenium.tests.AppTest" />
                <testcase name="deleteApp" time="4.102" classname="com.dataart.selenium.tests.AppTest" />
                <testcase name="newAppWithoutImages" time="5.068" classname="com.dataart.selenium.tests.AppTest" />
      
</testsuite>
