<?xml version="1.0" encoding="UTF-8"?>
<testsuite xmlns:xsi="http://www.w3.org/2001/XMLSchema-instance" xsi:noNamespaceSchemaLocation="https://maven.apache.org/surefire/maven-surefire-plugin/xsd/surefire-test-report-3.0.xsd" version="3.0" name="com.dataart.selenium.tests.AjaxTest" time="0.411" tests="8" errors="0" skipped="6" failures="2">
  <properties>
[...]
</properties>
  <testcase name="beforeSuite" classname="com.dataart.selenium.tests.AjaxTest" time="0.378">
    <failure message="The driver executable does not exist: C:\Users\dvanin\Downloads\Git\dvanin-aut06\java\target\.\target\test-classes\chromedriver.exe" type="java.lang.IllegalStateException"><![CDATA[java.lang.IllegalStateException: The driver executable does not exist: C:\Users\dvanin\Downloads\Git\dvanin-aut06\java\target\.\target\test-classes\chromedriver.exe
]]></failure>
  </testcase>
  <testcase name="openLoginPage" classname="com.dataart.selenium.tests.AjaxTest" time="0">
    <skipped/>
  </testcase>
  <testcase name="openLoginPage" classname="com.dataart.selenium.tests.AjaxTest" time="0">
    <skipped/>
  </testcase>
  <testcase name="calcSumCorrect" classname="com.dataart.selenium.tests.AjaxTest" time="0">
    <skipped/>
  </testcase>
  <testcase name="tearDown" classname="com.dataart.selenium.tests.AjaxTest" time="0">
    <skipped/>
  </testcase>
  <testcase name="tearDown" classname="com.dataart.selenium.tests.AjaxTest" time="0">
    <skipped/>
  </testcase>
  <testcase name="calcSumIncorrect" classname="com.dataart.selenium.tests.AjaxTest" time="0">
    <skipped/>
  </testcase>
  <testcase name="afterClass" classname="com.dataart.selenium.tests.AjaxTest" time="0.004">
    <failure type="java.lang.NullPointerException"><![CDATA[java.lang.NullPointerException
]]></failure>
  </testcase>
</testsuite>